<?xml version="1.0" encoding="UTF-8"?>
<testsuite xmlns:xsi="http://www.w3.org/2001/XMLSchema-instance" xsi:noNamespaceSchemaLocation="https://maven.apache.org/surefire/maven-surefire-plugin/xsd/surefire-test-report-3.0.xsd" version="3.0" name="com.example.AppTest" time="0.009" tests="1" errors="0" skipped="0" failures="0">
  <properties>
    <property name="java.specification.version" value="17"/>
    <property name="sun.jnu.encoding" value="UTF-8"/>
    <property name="java.class.path" value="/Users/chengxiangwen/Desktop/backend-homework-Aug-2025/hw1/hello-mvn/target/test-classes:/Users/chengxiangwen/Desktop/backend-homework-Aug-2025/hw1/hello-mvn/target/classes:/Users/chengxiangwen/.m2/repository/junit/junit/3.8.1/junit-3.8.1.jar:"/>
    <property name="java.vm.vendor" value="Microsoft"/>
    <property name="sun.arch.data.model" value="64"/>
    <property name="java.vendor.url" value="https://www.microsoft.com"/>
    <property name="os.name" value="Mac OS X"/>
    <property name="java.vm.specification.version" value="17"/>
    <property name="sun.java.launcher" value="SUN_STANDARD"/>
    <property name="user.country" value="US"/>
    <property name="sun.boot.library.path" value="/Users/chengxiangwen/Library/Java/JavaVirtualMachines/ms-17.0.16/Contents/Home/lib"/>
    <property name="sun.java.command" value="/Users/chengxiangwen/Desktop/backend-homework-Aug-2025/hw1/hello-mvn/target/surefire/surefirebooter-20250818004720719_3.jar /Users/chengxiangwen/Desktop/backend-homework-Aug-2025/hw1/hello-mvn/target/surefire 2025-08-18T00-47-20_481-jvmRun1 surefire-20250818004720719_1tmp surefire_0-20250818004720719_2tmp"/>
    <property name="jdk.debug" value="release"/>
    <property name="surefire.test.class.path" value="/Users/chengxiangwen/Desktop/backend-homework-Aug-2025/hw1/hello-mvn/target/test-classes:/Users/chengxiangwen/Desktop/backend-homework-Aug-2025/hw1/hello-mvn/target/classes:/Users/chengxiangwen/.m2/repository/junit/junit/3.8.1/junit-3.8.1.jar:"/>
    <property name="sun.cpu.endian" value="little"/>
    <property name="user.home" value="/Users/chengxiangwen"/>
    <property name="user.language" value="en"/>
    <property name="java.specification.vendor" value="Oracle Corporation"/>
    <property name="java.version.date" value="2025-07-15"/>
    <property name="java.home" value="/Users/chengxiangwen/Library/Java/JavaVirtualMachines/ms-17.0.16/Contents/Home"/>
    <property name="file.separator" value="/"/>
    <property name="basedir" value="/Users/chengxiangwen/Desktop/backend-homework-Aug-2025/hw1/hello-mvn"/>
    <property name="java.vm.compressedOopsMode" value="Zero based"/>
    <property name="line.separator" value="&#10;"/>
    <property name="java.specification.name" value="Java Platform API Specification"/>
    <property name="java.vm.specification.vendor" value="Oracle Corporation"/>
    <property name="surefire.real.class.path" value="/Users/chengxiangwen/Desktop/backend-homework-Aug-2025/hw1/hello-mvn/target/surefire/surefirebooter-20250818004720719_3.jar"/>
    <property name="sun.management.compiler" value="HotSpot 64-Bit Tiered Compilers"/>
    <property name="java.runtime.version" value="17.0.16+8-LTS"/>
    <property name="user.name" value="chengxiangwen"/>
    <property name="path.separator" value=":"/>
    <property name="os.version" value="11.5.1"/>
    <property name="java.runtime.name" value="OpenJDK Runtime Environment"/>
    <property name="file.encoding" value="UTF-8"/>
    <property name="java.vm.name" value="OpenJDK 64-Bit Server VM"/>
    <property name="java.vendor.version" value="Microsoft-11926164"/>
    <property name="localRepository" value="/Users/chengxiangwen/.m2/repository"/>
    <property name="java.vendor.url.bug" value="https://github.com/microsoft/openjdk/issues"/>
    <property name="java.io.tmpdir" value="/var/folders/qb/3xdh_z150sd9m6d1sv_0zsnc0000gn/T/"/>
    <property name="java.version" value="17.0.16"/>
    <property name="user.dir" value="/Users/chengxiangwen/Desktop/backend-homework-Aug-2025/hw1/hello-mvn"/>
    <property name="os.arch" value="aarch64"/>
    <property name="java.vm.specification.name" value="Java Virtual Machine Specification"/>
    <property name="native.encoding" value="UTF-8"/>
    <property name="java.library.path" value="/Users/chengxiangwen/Library/Java/Extensions:/Library/Java/Extensions:/Network/Library/Java/Extensions:/System/Library/Java/Extensions:/usr/lib/java:."/>
    <property name="java.vm.info" value="mixed mode, sharing"/>
    <property name="java.vendor" value="Microsoft"/>
    <property name="java.vm.version" value="17.0.16+8-LTS"/>
    <property name="java.specification.maintenance.version" value="1"/>
    <property name="sun.io.unicode.encoding" value="UnicodeBig"/>
    <property name="java.class.version" value="61.0"/>
  </properties>
  <testcase name="testApp" classname="com.example.AppTest" time="0.0"/>
</testsuite>